running egg_info
creating build/shimmer3_pkg/shimmer3_pkg.egg-info
writing build/shimmer3_pkg/shimmer3_pkg.egg-info/PKG-INFO
writing dependency_links to build/shimmer3_pkg/shimmer3_pkg.egg-info/dependency_links.txt
writing entry points to build/shimmer3_pkg/shimmer3_pkg.egg-info/entry_points.txt
writing requirements to build/shimmer3_pkg/shimmer3_pkg.egg-info/requires.txt
writing top-level names to build/shimmer3_pkg/shimmer3_pkg.egg-info/top_level.txt
writing manifest file 'build/shimmer3_pkg/shimmer3_pkg.egg-info/SOURCES.txt'
reading manifest file 'build/shimmer3_pkg/shimmer3_pkg.egg-info/SOURCES.txt'
writing manifest file 'build/shimmer3_pkg/shimmer3_pkg.egg-info/SOURCES.txt'
running build
running build_py
creating /home/lairlab-squirtle/ros2_ws/src/shimmer3_pkg/build/shimmer3_pkg/build
creating /home/lairlab-squirtle/ros2_ws/src/shimmer3_pkg/build/shimmer3_pkg/build/lib
creating /home/lairlab-squirtle/ros2_ws/src/shimmer3_pkg/build/shimmer3_pkg/build/lib/shimmer3_pkg
copying shimmer3_pkg/shimmer3_node.py -> /home/lairlab-squirtle/ros2_ws/src/shimmer3_pkg/build/shimmer3_pkg/build/lib/shimmer3_pkg
copying shimmer3_pkg/csv_writer.py -> /home/lairlab-squirtle/ros2_ws/src/shimmer3_pkg/build/shimmer3_pkg/build/lib/shimmer3_pkg
copying shimmer3_pkg/__init__.py -> /home/lairlab-squirtle/ros2_ws/src/shimmer3_pkg/build/shimmer3_pkg/build/lib/shimmer3_pkg
running install
running install_lib
creating /home/lairlab-squirtle/ros2_ws/src/shimmer3_pkg/install/shimmer3_pkg/lib/python3.12/site-packages/shimmer3_pkg
copying /home/lairlab-squirtle/ros2_ws/src/shimmer3_pkg/build/shimmer3_pkg/build/lib/shimmer3_pkg/shimmer3_node.py -> /home/lairlab-squirtle/ros2_ws/src/shimmer3_pkg/install/shimmer3_pkg/lib/python3.12/site-packages/shimmer3_pkg
copying /home/lairlab-squirtle/ros2_ws/src/shimmer3_pkg/build/shimmer3_pkg/build/lib/shimmer3_pkg/csv_writer.py -> /home/lairlab-squirtle/ros2_ws/src/shimmer3_pkg/install/shimmer3_pkg/lib/python3.12/site-packages/shimmer3_pkg
copying /home/lairlab-squirtle/ros2_ws/src/shimmer3_pkg/build/shimmer3_pkg/build/lib/shimmer3_pkg/__init__.py -> /home/lairlab-squirtle/ros2_ws/src/shimmer3_pkg/install/shimmer3_pkg/lib/python3.12/site-packages/shimmer3_pkg
byte-compiling /home/lairlab-squirtle/ros2_ws/src/shimmer3_pkg/install/shimmer3_pkg/lib/python3.12/site-packages/shimmer3_pkg/shimmer3_node.py to shimmer3_node.cpython-312.pyc
byte-compiling /home/lairlab-squirtle/ros2_ws/src/shimmer3_pkg/install/shimmer3_pkg/lib/python3.12/site-packages/shimmer3_pkg/csv_writer.py to csv_writer.cpython-312.pyc
byte-compiling /home/lairlab-squirtle/ros2_ws/src/shimmer3_pkg/install/shimmer3_pkg/lib/python3.12/site-packages/shimmer3_pkg/__init__.py to __init__.cpython-312.pyc
running install_data
creating /home/lairlab-squirtle/ros2_ws/src/shimmer3_pkg/install/shimmer3_pkg/share/ament_index
creating /home/lairlab-squirtle/ros2_ws/src/shimmer3_pkg/install/shimmer3_pkg/share/ament_index/resource_index
creating /home/lairlab-squirtle/ros2_ws/src/shimmer3_pkg/install/shimmer3_pkg/share/ament_index/resource_index/packages
copying resource/shimmer3_pkg -> /home/lairlab-squirtle/ros2_ws/src/shimmer3_pkg/install/shimmer3_pkg/share/ament_index/resource_index/packages
copying package.xml -> /home/lairlab-squirtle/ros2_ws/src/shimmer3_pkg/install/shimmer3_pkg/share/shimmer3_pkg
copying launch/ros2-shimmer3_gsr.launch.py -> /home/lairlab-squirtle/ros2_ws/src/shimmer3_pkg/install/shimmer3_pkg/share/shimmer3_pkg
running install_egg_info
Copying build/shimmer3_pkg/shimmer3_pkg.egg-info to /home/lairlab-squirtle/ros2_ws/src/shimmer3_pkg/install/shimmer3_pkg/lib/python3.12/site-packages/shimmer3_pkg-0.0.1-py3.12.egg-info
running install_scripts
Installing data_processing script to /home/lairlab-squirtle/ros2_ws/src/shimmer3_pkg/install/shimmer3_pkg/lib/shimmer3_pkg
Installing debug_node script to /home/lairlab-squirtle/ros2_ws/src/shimmer3_pkg/install/shimmer3_pkg/lib/shimmer3_pkg
Installing shimmer3_node script to /home/lairlab-squirtle/ros2_ws/src/shimmer3_pkg/install/shimmer3_pkg/lib/shimmer3_pkg
writing list of installed files to '/home/lairlab-squirtle/ros2_ws/src/shimmer3_pkg/build/shimmer3_pkg/install.log'
