/home/lairlab/shimmer3/install/lib/python3.12/site-packages/shimmer3_pkg/data_processing.py
/home/lairlab/shimmer3/install/lib/python3.12/site-packages/shimmer3_pkg/__init__.py
/home/lairlab/shimmer3/install/lib/python3.12/site-packages/shimmer3_pkg/shimmer3_node.py
/home/lairlab/shimmer3/install/lib/python3.12/site-packages/shimmer3_pkg/bpm_detector.py
/home/lairlab/shimmer3/install/lib/python3.12/site-packages/shimmer3_pkg/bpm_detector copy.py
/home/lairlab/shimmer3/install/lib/python3.12/site-packages/shimmer3_pkg/matplotter_node.py
/home/lairlab/shimmer3/install/lib/python3.12/site-packages/shimmer3_pkg/csv_writer.py
/home/lairlab/shimmer3/install/lib/python3.12/site-packages/shimmer3_pkg/__pycache__/data_processing.cpython-312.pyc
/home/lairlab/shimmer3/install/lib/python3.12/site-packages/shimmer3_pkg/__pycache__/__init__.cpython-312.pyc
/home/lairlab/shimmer3/install/lib/python3.12/site-packages/shimmer3_pkg/__pycache__/shimmer3_node.cpython-312.pyc
/home/lairlab/shimmer3/install/lib/python3.12/site-packages/shimmer3_pkg/__pycache__/bpm_detector.cpython-312.pyc
/home/lairlab/shimmer3/install/lib/python3.12/site-packages/shimmer3_pkg/__pycache__/bpm_detector copy.cpython-312.pyc
/home/lairlab/shimmer3/install/lib/python3.12/site-packages/shimmer3_pkg/__pycache__/matplotter_node.cpython-312.pyc
/home/lairlab/shimmer3/install/lib/python3.12/site-packages/shimmer3_pkg/__pycache__/csv_writer.cpython-312.pyc
/home/lairlab/shimmer3/install/share/ament_index/resource_index/packages/shimmer3_pkg
/home/lairlab/shimmer3/install/share/shimmer3_pkg/package.xml
/home/lairlab/shimmer3/install/share/shimmer3_pkg/shimmer3.launch.py
/home/lairlab/shimmer3/install/lib/python3.12/site-packages/shimmer3_pkg-0.0.1-py3.12.egg-info/dependency_links.txt
/home/lairlab/shimmer3/install/lib/python3.12/site-packages/shimmer3_pkg-0.0.1-py3.12.egg-info/zip-safe
/home/lairlab/shimmer3/install/lib/python3.12/site-packages/shimmer3_pkg-0.0.1-py3.12.egg-info/requires.txt
/home/lairlab/shimmer3/install/lib/python3.12/site-packages/shimmer3_pkg-0.0.1-py3.12.egg-info/PKG-INFO
/home/lairlab/shimmer3/install/lib/python3.12/site-packages/shimmer3_pkg-0.0.1-py3.12.egg-info/SOURCES.txt
/home/lairlab/shimmer3/install/lib/python3.12/site-packages/shimmer3_pkg-0.0.1-py3.12.egg-info/top_level.txt
/home/lairlab/shimmer3/install/lib/python3.12/site-packages/shimmer3_pkg-0.0.1-py3.12.egg-info/entry_points.txt
/home/lairlab/shimmer3/install/lib/shimmer3_pkg/bpm_detector_node
/home/lairlab/shimmer3/install/lib/shimmer3_pkg/csv_writer
/home/lairlab/shimmer3/install/lib/shimmer3_pkg/data_processing
/home/lairlab/shimmer3/install/lib/shimmer3_pkg/matplotter_node
/home/lairlab/shimmer3/install/lib/shimmer3_pkg/shimmer3_node
