[0.472s] Invoking command in '/home/lairlab/shimmer3/src/shimmer3_pkg': DEBUGINFOD_URLS=https://debuginfod.ubuntu.com PYTHONPATH=/home/lairlab/shimmer3/build/shimmer3_pkg/prefix_override:/usr/lib/python3/dist-packages/colcon_core/task/python/colcon_distutils_commands:/home/lairlab/shimmer3/install/lib/python3.12/site-packages:${PYTHONPATH} /usr/bin/python3 -W ignore:setup.py install is deprecated -W ignore:easy_install command is deprecated setup.py egg_info --egg-base ../../build/shimmer3_pkg build --build-base /home/lairlab/shimmer3/build/shimmer3_pkg/build install --record /home/lairlab/shimmer3/build/shimmer3_pkg/install.log --single-version-externally-managed install_data
[0.599s] running egg_info
[0.599s] creating ../../build/shimmer3_pkg/shimmer3_pkg.egg-info
[0.607s] writing ../../build/shimmer3_pkg/shimmer3_pkg.egg-info/PKG-INFO
[0.607s] writing dependency_links to ../../build/shimmer3_pkg/shimmer3_pkg.egg-info/dependency_links.txt
[0.607s] writing entry points to ../../build/shimmer3_pkg/shimmer3_pkg.egg-info/entry_points.txt
[0.607s] writing requirements to ../../build/shimmer3_pkg/shimmer3_pkg.egg-info/requires.txt
[0.607s] writing top-level names to ../../build/shimmer3_pkg/shimmer3_pkg.egg-info/top_level.txt
[0.607s] writing manifest file '../../build/shimmer3_pkg/shimmer3_pkg.egg-info/SOURCES.txt'
[0.624s] reading manifest file '../../build/shimmer3_pkg/shimmer3_pkg.egg-info/SOURCES.txt'
[0.624s] writing manifest file '../../build/shimmer3_pkg/shimmer3_pkg.egg-info/SOURCES.txt'
[0.624s] running build
[0.624s] running build_py
[0.624s] creating /home/lairlab/shimmer3/build/shimmer3_pkg/build
[0.624s] creating /home/lairlab/shimmer3/build/shimmer3_pkg/build/lib
[0.625s] creating /home/lairlab/shimmer3/build/shimmer3_pkg/build/lib/shimmer3_pkg
[0.625s] copying shimmer3_pkg/data_processing.py -> /home/lairlab/shimmer3/build/shimmer3_pkg/build/lib/shimmer3_pkg
[0.625s] copying shimmer3_pkg/__init__.py -> /home/lairlab/shimmer3/build/shimmer3_pkg/build/lib/shimmer3_pkg
[0.625s] copying shimmer3_pkg/shimmer3_node.py -> /home/lairlab/shimmer3/build/shimmer3_pkg/build/lib/shimmer3_pkg
[0.625s] copying shimmer3_pkg/bpm_detector.py -> /home/lairlab/shimmer3/build/shimmer3_pkg/build/lib/shimmer3_pkg
[0.625s] copying shimmer3_pkg/bpm_detector copy.py -> /home/lairlab/shimmer3/build/shimmer3_pkg/build/lib/shimmer3_pkg
[0.625s] copying shimmer3_pkg/matplotter_node.py -> /home/lairlab/shimmer3/build/shimmer3_pkg/build/lib/shimmer3_pkg
[0.625s] copying shimmer3_pkg/csv_writer.py -> /home/lairlab/shimmer3/build/shimmer3_pkg/build/lib/shimmer3_pkg
[0.625s] running install
[0.627s] running install_lib
[0.636s] creating /home/lairlab/shimmer3/install/lib/python3.12/site-packages/shimmer3_pkg
[0.636s] copying /home/lairlab/shimmer3/build/shimmer3_pkg/build/lib/shimmer3_pkg/data_processing.py -> /home/lairlab/shimmer3/install/lib/python3.12/site-packages/shimmer3_pkg
[0.636s] copying /home/lairlab/shimmer3/build/shimmer3_pkg/build/lib/shimmer3_pkg/__init__.py -> /home/lairlab/shimmer3/install/lib/python3.12/site-packages/shimmer3_pkg
[0.636s] copying /home/lairlab/shimmer3/build/shimmer3_pkg/build/lib/shimmer3_pkg/shimmer3_node.py -> /home/lairlab/shimmer3/install/lib/python3.12/site-packages/shimmer3_pkg
[0.636s] copying /home/lairlab/shimmer3/build/shimmer3_pkg/build/lib/shimmer3_pkg/bpm_detector.py -> /home/lairlab/shimmer3/install/lib/python3.12/site-packages/shimmer3_pkg
[0.636s] copying /home/lairlab/shimmer3/build/shimmer3_pkg/build/lib/shimmer3_pkg/bpm_detector copy.py -> /home/lairlab/shimmer3/install/lib/python3.12/site-packages/shimmer3_pkg
[0.636s] copying /home/lairlab/shimmer3/build/shimmer3_pkg/build/lib/shimmer3_pkg/matplotter_node.py -> /home/lairlab/shimmer3/install/lib/python3.12/site-packages/shimmer3_pkg
[0.636s] copying /home/lairlab/shimmer3/build/shimmer3_pkg/build/lib/shimmer3_pkg/csv_writer.py -> /home/lairlab/shimmer3/install/lib/python3.12/site-packages/shimmer3_pkg
[0.637s] byte-compiling /home/lairlab/shimmer3/install/lib/python3.12/site-packages/shimmer3_pkg/data_processing.py to data_processing.cpython-312.pyc
[0.637s] byte-compiling /home/lairlab/shimmer3/install/lib/python3.12/site-packages/shimmer3_pkg/__init__.py to __init__.cpython-312.pyc
[0.637s] byte-compiling /home/lairlab/shimmer3/install/lib/python3.12/site-packages/shimmer3_pkg/shimmer3_node.py to shimmer3_node.cpython-312.pyc
[0.637s] byte-compiling /home/lairlab/shimmer3/install/lib/python3.12/site-packages/shimmer3_pkg/bpm_detector.py to bpm_detector.cpython-312.pyc
[0.638s] byte-compiling /home/lairlab/shimmer3/install/lib/python3.12/site-packages/shimmer3_pkg/bpm_detector copy.py to bpm_detector copy.cpython-312.pyc
[0.638s] byte-compiling /home/lairlab/shimmer3/install/lib/python3.12/site-packages/shimmer3_pkg/matplotter_node.py to matplotter_node.cpython-312.pyc
[0.638s] byte-compiling /home/lairlab/shimmer3/install/lib/python3.12/site-packages/shimmer3_pkg/csv_writer.py to csv_writer.cpython-312.pyc
[0.639s] running install_data
[0.639s] creating /home/lairlab/shimmer3/install/share/ament_index
[0.639s] creating /home/lairlab/shimmer3/install/share/ament_index/resource_index
[0.639s] creating /home/lairlab/shimmer3/install/share/ament_index/resource_index/packages
[0.639s] copying resource/shimmer3_pkg -> /home/lairlab/shimmer3/install/share/ament_index/resource_index/packages
[0.639s] copying package.xml -> /home/lairlab/shimmer3/install/share/shimmer3_pkg
[0.639s] copying launch/shimmer3.launch.py -> /home/lairlab/shimmer3/install/share/shimmer3_pkg
[0.639s] running install_egg_info
[0.648s] Copying ../../build/shimmer3_pkg/shimmer3_pkg.egg-info to /home/lairlab/shimmer3/install/lib/python3.12/site-packages/shimmer3_pkg-0.0.1-py3.12.egg-info
[0.648s] running install_scripts
[0.705s] Installing bpm_detector_node script to /home/lairlab/shimmer3/install/lib/shimmer3_pkg
[0.705s] Installing csv_writer script to /home/lairlab/shimmer3/install/lib/shimmer3_pkg
[0.705s] Installing data_processing script to /home/lairlab/shimmer3/install/lib/shimmer3_pkg
[0.705s] Installing matplotter_node script to /home/lairlab/shimmer3/install/lib/shimmer3_pkg
[0.705s] Installing shimmer3_node script to /home/lairlab/shimmer3/install/lib/shimmer3_pkg
[0.705s] writing list of installed files to '/home/lairlab/shimmer3/build/shimmer3_pkg/install.log'
[0.716s] Invoked command in '/home/lairlab/shimmer3/src/shimmer3_pkg' returned '0': DEBUGINFOD_URLS=https://debuginfod.ubuntu.com PYTHONPATH=/home/lairlab/shimmer3/build/shimmer3_pkg/prefix_override:/usr/lib/python3/dist-packages/colcon_core/task/python/colcon_distutils_commands:/home/lairlab/shimmer3/install/lib/python3.12/site-packages:${PYTHONPATH} /usr/bin/python3 -W ignore:setup.py install is deprecated -W ignore:easy_install command is deprecated setup.py egg_info --egg-base ../../build/shimmer3_pkg build --build-base /home/lairlab/shimmer3/build/shimmer3_pkg/build install --record /home/lairlab/shimmer3/build/shimmer3_pkg/install.log --single-version-externally-managed install_data
