[0.322s] Invoking command in '/home/lairlab-squirtle/ros2_ws/src/shimmer3_pkg': DEBUGINFOD_URLS=https://debuginfod.ubuntu.com PS1=(venv) \[\e]0;\u@\h: \w\a\]${debian_chroot:+($debian_chroot)}\[\033[01;32m\]\u@\h\[\033[00m\]:\[\033[01;34m\]\w\[\033[00m\]\$ PYTHONPATH=/home/lairlab-squirtle/ros2_ws/src/shimmer3_pkg/build/shimmer3_pkg/prefix_override:/usr/lib/python3/dist-packages/colcon_core/task/python/colcon_distutils_commands:/home/lairlab-squirtle/ros2_ws/src/shimmer3_pkg/install/shimmer3_pkg/lib/python3.12/site-packages:${PYTHONPATH} VIRTUAL_ENV_PROMPT=(venv) /usr/bin/python3 -W ignore:setup.py install is deprecated -W ignore:easy_install command is deprecated setup.py egg_info --egg-base build/shimmer3_pkg build --build-base /home/lairlab-squirtle/ros2_ws/src/shimmer3_pkg/build/shimmer3_pkg/build install --record /home/lairlab-squirtle/ros2_ws/src/shimmer3_pkg/build/shimmer3_pkg/install.log --single-version-externally-managed install_data
[0.425s] running egg_info
[0.432s] writing build/shimmer3_pkg/shimmer3_pkg.egg-info/PKG-INFO
[0.432s] writing dependency_links to build/shimmer3_pkg/shimmer3_pkg.egg-info/dependency_links.txt
[0.432s] writing entry points to build/shimmer3_pkg/shimmer3_pkg.egg-info/entry_points.txt
[0.432s] writing requirements to build/shimmer3_pkg/shimmer3_pkg.egg-info/requires.txt
[0.432s] writing top-level names to build/shimmer3_pkg/shimmer3_pkg.egg-info/top_level.txt
[0.446s] reading manifest file 'build/shimmer3_pkg/shimmer3_pkg.egg-info/SOURCES.txt'
[0.446s] writing manifest file 'build/shimmer3_pkg/shimmer3_pkg.egg-info/SOURCES.txt'
[0.446s] running build
[0.446s] running build_py
[0.446s] copying shimmer3_pkg/csv_writer.py -> /home/lairlab-squirtle/ros2_ws/src/shimmer3_pkg/build/shimmer3_pkg/build/lib/shimmer3_pkg
[0.446s] running install
[0.449s] running install_lib
[0.456s] copying /home/lairlab-squirtle/ros2_ws/src/shimmer3_pkg/build/shimmer3_pkg/build/lib/shimmer3_pkg/csv_writer.py -> /home/lairlab-squirtle/ros2_ws/src/shimmer3_pkg/install/shimmer3_pkg/lib/python3.12/site-packages/shimmer3_pkg
[0.456s] byte-compiling /home/lairlab-squirtle/ros2_ws/src/shimmer3_pkg/install/shimmer3_pkg/lib/python3.12/site-packages/shimmer3_pkg/csv_writer.py to csv_writer.cpython-312.pyc
[0.457s] running install_data
[0.457s] running install_egg_info
[0.464s] removing '/home/lairlab-squirtle/ros2_ws/src/shimmer3_pkg/install/shimmer3_pkg/lib/python3.12/site-packages/shimmer3_pkg-0.0.1-py3.12.egg-info' (and everything under it)
[0.465s] Copying build/shimmer3_pkg/shimmer3_pkg.egg-info to /home/lairlab-squirtle/ros2_ws/src/shimmer3_pkg/install/shimmer3_pkg/lib/python3.12/site-packages/shimmer3_pkg-0.0.1-py3.12.egg-info
[0.465s] running install_scripts
[0.514s] Installing csv_writer script to /home/lairlab-squirtle/ros2_ws/src/shimmer3_pkg/install/shimmer3_pkg/lib/shimmer3_pkg
[0.514s] Installing data_processing script to /home/lairlab-squirtle/ros2_ws/src/shimmer3_pkg/install/shimmer3_pkg/lib/shimmer3_pkg
[0.514s] Installing shimmer3_node script to /home/lairlab-squirtle/ros2_ws/src/shimmer3_pkg/install/shimmer3_pkg/lib/shimmer3_pkg
[0.514s] writing list of installed files to '/home/lairlab-squirtle/ros2_ws/src/shimmer3_pkg/build/shimmer3_pkg/install.log'
[0.527s] Invoked command in '/home/lairlab-squirtle/ros2_ws/src/shimmer3_pkg' returned '0': DEBUGINFOD_URLS=https://debuginfod.ubuntu.com PS1=(venv) \[\e]0;\u@\h: \w\a\]${debian_chroot:+($debian_chroot)}\[\033[01;32m\]\u@\h\[\033[00m\]:\[\033[01;34m\]\w\[\033[00m\]\$ PYTHONPATH=/home/lairlab-squirtle/ros2_ws/src/shimmer3_pkg/build/shimmer3_pkg/prefix_override:/usr/lib/python3/dist-packages/colcon_core/task/python/colcon_distutils_commands:/home/lairlab-squirtle/ros2_ws/src/shimmer3_pkg/install/shimmer3_pkg/lib/python3.12/site-packages:${PYTHONPATH} VIRTUAL_ENV_PROMPT=(venv) /usr/bin/python3 -W ignore:setup.py install is deprecated -W ignore:easy_install command is deprecated setup.py egg_info --egg-base build/shimmer3_pkg build --build-base /home/lairlab-squirtle/ros2_ws/src/shimmer3_pkg/build/shimmer3_pkg/build install --record /home/lairlab-squirtle/ros2_ws/src/shimmer3_pkg/build/shimmer3_pkg/install.log --single-version-externally-managed install_data
