[0.316s] Invoking command in '/home/lairlab-squirtle/ros2_ws/src/shimmer3_pkg': DEBUGINFOD_URLS=https://debuginfod.ubuntu.com PS1=(venv) \[\e]0;\u@\h: \w\a\]${debian_chroot:+($debian_chroot)}\[\033[01;32m\]\u@\h\[\033[00m\]:\[\033[01;34m\]\w\[\033[00m\]\$ PYTHONPATH=/home/lairlab-squirtle/ros2_ws/src/shimmer3_pkg/build/shimmer3_pkg/prefix_override:/usr/lib/python3/dist-packages/colcon_core/task/python/colcon_distutils_commands:/home/lairlab-squirtle/ros2_ws/src/shimmer3_pkg/install/shimmer3_pkg/lib/python3.12/site-packages:${PYTHONPATH} VIRTUAL_ENV_PROMPT=(venv) /usr/bin/python3 -W ignore:setup.py install is deprecated -W ignore:easy_install command is deprecated setup.py egg_info --egg-base build/shimmer3_pkg build --build-base /home/lairlab-squirtle/ros2_ws/src/shimmer3_pkg/build/shimmer3_pkg/build install --record /home/lairlab-squirtle/ros2_ws/src/shimmer3_pkg/build/shimmer3_pkg/install.log --single-version-externally-managed install_data
[0.418s] running egg_info
[0.424s] writing build/shimmer3_pkg/shimmer3_pkg.egg-info/PKG-INFO
[0.424s] writing dependency_links to build/shimmer3_pkg/shimmer3_pkg.egg-info/dependency_links.txt
[0.425s] writing entry points to build/shimmer3_pkg/shimmer3_pkg.egg-info/entry_points.txt
[0.425s] writing requirements to build/shimmer3_pkg/shimmer3_pkg.egg-info/requires.txt
[0.425s] writing top-level names to build/shimmer3_pkg/shimmer3_pkg.egg-info/top_level.txt
[0.439s] reading manifest file 'build/shimmer3_pkg/shimmer3_pkg.egg-info/SOURCES.txt'
[0.439s] writing manifest file 'build/shimmer3_pkg/shimmer3_pkg.egg-info/SOURCES.txt'
[0.439s] running build
[0.439s] running build_py
[0.439s] running install
[0.442s] running install_lib
[0.449s] running install_data
[0.449s] running install_egg_info
[0.457s] removing '/home/lairlab-squirtle/ros2_ws/src/shimmer3_pkg/install/shimmer3_pkg/lib/python3.12/site-packages/shimmer3_pkg-0.0.1-py3.12.egg-info' (and everything under it)
[0.457s] Copying build/shimmer3_pkg/shimmer3_pkg.egg-info to /home/lairlab-squirtle/ros2_ws/src/shimmer3_pkg/install/shimmer3_pkg/lib/python3.12/site-packages/shimmer3_pkg-0.0.1-py3.12.egg-info
[0.457s] running install_scripts
[0.506s] Installing data_processing script to /home/lairlab-squirtle/ros2_ws/src/shimmer3_pkg/install/shimmer3_pkg/lib/shimmer3_pkg
[0.506s] Installing debug_node script to /home/lairlab-squirtle/ros2_ws/src/shimmer3_pkg/install/shimmer3_pkg/lib/shimmer3_pkg
[0.506s] Installing shimmer3_node script to /home/lairlab-squirtle/ros2_ws/src/shimmer3_pkg/install/shimmer3_pkg/lib/shimmer3_pkg
[0.506s] writing list of installed files to '/home/lairlab-squirtle/ros2_ws/src/shimmer3_pkg/build/shimmer3_pkg/install.log'
[0.519s] Invoked command in '/home/lairlab-squirtle/ros2_ws/src/shimmer3_pkg' returned '0': DEBUGINFOD_URLS=https://debuginfod.ubuntu.com PS1=(venv) \[\e]0;\u@\h: \w\a\]${debian_chroot:+($debian_chroot)}\[\033[01;32m\]\u@\h\[\033[00m\]:\[\033[01;34m\]\w\[\033[00m\]\$ PYTHONPATH=/home/lairlab-squirtle/ros2_ws/src/shimmer3_pkg/build/shimmer3_pkg/prefix_override:/usr/lib/python3/dist-packages/colcon_core/task/python/colcon_distutils_commands:/home/lairlab-squirtle/ros2_ws/src/shimmer3_pkg/install/shimmer3_pkg/lib/python3.12/site-packages:${PYTHONPATH} VIRTUAL_ENV_PROMPT=(venv) /usr/bin/python3 -W ignore:setup.py install is deprecated -W ignore:easy_install command is deprecated setup.py egg_info --egg-base build/shimmer3_pkg build --build-base /home/lairlab-squirtle/ros2_ws/src/shimmer3_pkg/build/shimmer3_pkg/build install --record /home/lairlab-squirtle/ros2_ws/src/shimmer3_pkg/build/shimmer3_pkg/install.log --single-version-externally-managed install_data
