[0.044s] DEBUG:colcon:Command line arguments: ['/usr/bin/colcon', 'build']
[0.044s] DEBUG:colcon:Parsed command line arguments: Namespace(log_base=None, log_level=None, verb_name='build', build_base='build', install_base='install', merge_install=False, symlink_install=False, test_result_base=None, continue_on_error=False, executor='parallel', parallel_workers=20, event_handlers=None, ignore_user_meta=False, metas=['./colcon.meta'], base_paths=['.'], packages_ignore=None, packages_ignore_regex=None, paths=None, packages_up_to=None, packages_up_to_regex=None, packages_above=None, packages_above_and_dependencies=None, packages_above_depth=None, packages_select_by_dep=None, packages_skip_by_dep=None, packages_skip_up_to=None, packages_select_build_failed=False, packages_skip_build_finished=False, packages_select_test_failures=False, packages_skip_test_passed=False, packages_select=None, packages_skip=None, packages_select_regex=None, packages_skip_regex=None, packages_start=None, packages_end=None, allow_overriding=[], cmake_args=None, cmake_target=None, cmake_target_skip_unavailable=False, cmake_clean_cache=False, cmake_clean_first=False, cmake_force_configure=False, ament_cmake_args=None, catkin_cmake_args=None, catkin_skip_building_tests=False, mixin_files=None, mixin=None, verb_parser=<colcon_mixin.mixin.mixin_argument.MixinArgumentDecorator object at 0x7f886ecad0d0>, verb_extension=<colcon_core.verb.build.BuildVerb object at 0x7f886edcd9a0>, main=<bound method BuildVerb.main of <colcon_core.verb.build.BuildVerb object at 0x7f886edcd9a0>>, mixin_verb=('build',))
[0.060s] Level 1:colcon.colcon_core.package_discovery:discover_packages(colcon_meta) check parameters
[0.060s] Level 1:colcon.colcon_core.package_discovery:discover_packages(recursive) check parameters
[0.060s] Level 1:colcon.colcon_core.package_discovery:discover_packages(ignore) check parameters
[0.060s] Level 1:colcon.colcon_core.package_discovery:discover_packages(path) check parameters
[0.060s] Level 1:colcon.colcon_core.package_discovery:discover_packages(colcon_meta) discover
[0.061s] Level 1:colcon.colcon_core.package_discovery:discover_packages(recursive) discover
[0.061s] INFO:colcon.colcon_core.package_discovery:Crawling recursively for packages in '/home/lairlab-squirtle/ros2_ws/src/shimmer3_pkg'
[0.061s] Level 1:colcon.colcon_core.package_identification:_identify(.) by extensions ['ignore', 'ignore_ament_install']
[0.061s] Level 1:colcon.colcon_core.package_identification:_identify(.) by extension 'ignore'
[0.061s] Level 1:colcon.colcon_core.package_identification:_identify(.) by extension 'ignore_ament_install'
[0.061s] Level 1:colcon.colcon_core.package_identification:_identify(.) by extensions ['colcon_pkg']
[0.061s] Level 1:colcon.colcon_core.package_identification:_identify(.) by extension 'colcon_pkg'
[0.061s] Level 1:colcon.colcon_core.package_identification:_identify(.) by extensions ['colcon_meta']
[0.061s] Level 1:colcon.colcon_core.package_identification:_identify(.) by extension 'colcon_meta'
[0.061s] Level 1:colcon.colcon_core.package_identification:_identify(.) by extensions ['ros']
[0.061s] Level 1:colcon.colcon_core.package_identification:_identify(.) by extension 'ros'
[0.073s] DEBUG:colcon.colcon_core.package_identification:Package '.' with type 'ros.ament_python' and name 'shimmer3_pkg'
[0.073s] Level 1:colcon.colcon_core.package_discovery:discover_packages(recursive) using defaults
[0.073s] Level 1:colcon.colcon_core.package_discovery:discover_packages(ignore) discover
[0.073s] Level 1:colcon.colcon_core.package_discovery:discover_packages(ignore) using defaults
[0.073s] Level 1:colcon.colcon_core.package_discovery:discover_packages(path) discover
[0.073s] Level 1:colcon.colcon_core.package_discovery:discover_packages(path) using defaults
[0.080s] Level 1:colcon.colcon_core.package_discovery:discover_packages(prefix_path) check parameters
[0.080s] Level 1:colcon.colcon_core.package_discovery:discover_packages(prefix_path) discover
[0.081s] DEBUG:colcon.colcon_installed_package_information.package_discovery:Found 1 installed packages in /home/lairlab-squirtle/ros2_ws/src/shimmer3_pkg/install
[0.081s] DEBUG:colcon.colcon_installed_package_information.package_discovery:Found 3 installed packages in /home/lairlab-squirtle/ros2_ws/install
[0.082s] DEBUG:colcon.colcon_installed_package_information.package_discovery:Found 288 installed packages in /opt/ros/jazzy
[0.082s] Level 1:colcon.colcon_core.package_discovery:discover_packages(prefix_path) using defaults
[0.097s] Level 5:colcon.colcon_core.verb:set package 'shimmer3_pkg' build argument 'cmake_args' from command line to 'None'
[0.097s] Level 5:colcon.colcon_core.verb:set package 'shimmer3_pkg' build argument 'cmake_target' from command line to 'None'
[0.097s] Level 5:colcon.colcon_core.verb:set package 'shimmer3_pkg' build argument 'cmake_target_skip_unavailable' from command line to 'False'
[0.097s] Level 5:colcon.colcon_core.verb:set package 'shimmer3_pkg' build argument 'cmake_clean_cache' from command line to 'False'
[0.097s] Level 5:colcon.colcon_core.verb:set package 'shimmer3_pkg' build argument 'cmake_clean_first' from command line to 'False'
[0.097s] Level 5:colcon.colcon_core.verb:set package 'shimmer3_pkg' build argument 'cmake_force_configure' from command line to 'False'
[0.097s] Level 5:colcon.colcon_core.verb:set package 'shimmer3_pkg' build argument 'ament_cmake_args' from command line to 'None'
[0.097s] Level 5:colcon.colcon_core.verb:set package 'shimmer3_pkg' build argument 'catkin_cmake_args' from command line to 'None'
[0.097s] Level 5:colcon.colcon_core.verb:set package 'shimmer3_pkg' build argument 'catkin_skip_building_tests' from command line to 'False'
[0.097s] DEBUG:colcon.colcon_core.verb:Building package 'shimmer3_pkg' with the following arguments: {'ament_cmake_args': None, 'build_base': '/home/lairlab-squirtle/ros2_ws/src/shimmer3_pkg/build/shimmer3_pkg', 'catkin_cmake_args': None, 'catkin_skip_building_tests': False, 'cmake_args': None, 'cmake_clean_cache': False, 'cmake_clean_first': False, 'cmake_force_configure': False, 'cmake_target': None, 'cmake_target_skip_unavailable': False, 'install_base': '/home/lairlab-squirtle/ros2_ws/src/shimmer3_pkg/install/shimmer3_pkg', 'merge_install': False, 'path': '/home/lairlab-squirtle/ros2_ws/src/shimmer3_pkg', 'symlink_install': False, 'test_result_base': None}
[0.097s] INFO:colcon.colcon_core.executor:Executing jobs using 'parallel' executor
[0.098s] DEBUG:colcon.colcon_parallel_executor.executor.parallel:run_until_complete
[0.098s] INFO:colcon.colcon_ros.task.ament_python.build:Building ROS package in '/home/lairlab-squirtle/ros2_ws/src/shimmer3_pkg' with build type 'ament_python'
[0.098s] Level 1:colcon.colcon_core.shell:create_environment_hook('shimmer3_pkg', 'ament_prefix_path')
[0.099s] INFO:colcon.colcon_core.plugin_system:Skipping extension 'colcon_core.shell.bat': Not used on non-Windows systems
[0.099s] INFO:colcon.colcon_core.shell:Creating environment hook '/home/lairlab-squirtle/ros2_ws/src/shimmer3_pkg/install/shimmer3_pkg/share/shimmer3_pkg/hook/ament_prefix_path.ps1'
[0.099s] INFO:colcon.colcon_core.shell:Creating environment descriptor '/home/lairlab-squirtle/ros2_ws/src/shimmer3_pkg/install/shimmer3_pkg/share/shimmer3_pkg/hook/ament_prefix_path.dsv'
[0.099s] INFO:colcon.colcon_core.shell:Creating environment hook '/home/lairlab-squirtle/ros2_ws/src/shimmer3_pkg/install/shimmer3_pkg/share/shimmer3_pkg/hook/ament_prefix_path.sh'
[0.100s] INFO:colcon.colcon_core.shell:Skip shell extension 'powershell' for command environment: Not usable outside of PowerShell
[0.100s] DEBUG:colcon.colcon_core.shell:Skip shell extension 'dsv' for command environment
[0.189s] INFO:colcon.colcon_core.task.python.build:Building Python package in '/home/lairlab-squirtle/ros2_ws/src/shimmer3_pkg'
[0.189s] INFO:colcon.colcon_core.shell:Skip shell extension 'powershell' for command environment: Not usable outside of PowerShell
[0.189s] DEBUG:colcon.colcon_core.shell:Skip shell extension 'dsv' for command environment
[0.420s] DEBUG:colcon.colcon_core.event_handler.log_command:Invoking command in '/home/lairlab-squirtle/ros2_ws/src/shimmer3_pkg': DEBUGINFOD_URLS=https://debuginfod.ubuntu.com PS1=(venv) \[\e]0;\u@\h: \w\a\]${debian_chroot:+($debian_chroot)}\[\033[01;32m\]\u@\h\[\033[00m\]:\[\033[01;34m\]\w\[\033[00m\]\$ PYTHONPATH=/home/lairlab-squirtle/ros2_ws/src/shimmer3_pkg/build/shimmer3_pkg/prefix_override:/usr/lib/python3/dist-packages/colcon_core/task/python/colcon_distutils_commands:/home/lairlab-squirtle/ros2_ws/src/shimmer3_pkg/install/shimmer3_pkg/lib/python3.12/site-packages:${PYTHONPATH} VIRTUAL_ENV_PROMPT=(venv) /usr/bin/python3 -W ignore:setup.py install is deprecated -W ignore:easy_install command is deprecated setup.py egg_info --egg-base build/shimmer3_pkg build --build-base /home/lairlab-squirtle/ros2_ws/src/shimmer3_pkg/build/shimmer3_pkg/build install --record /home/lairlab-squirtle/ros2_ws/src/shimmer3_pkg/build/shimmer3_pkg/install.log --single-version-externally-managed install_data
[0.623s] DEBUG:colcon.colcon_core.event_handler.log_command:Invoked command in '/home/lairlab-squirtle/ros2_ws/src/shimmer3_pkg' returned '0': DEBUGINFOD_URLS=https://debuginfod.ubuntu.com PS1=(venv) \[\e]0;\u@\h: \w\a\]${debian_chroot:+($debian_chroot)}\[\033[01;32m\]\u@\h\[\033[00m\]:\[\033[01;34m\]\w\[\033[00m\]\$ PYTHONPATH=/home/lairlab-squirtle/ros2_ws/src/shimmer3_pkg/build/shimmer3_pkg/prefix_override:/usr/lib/python3/dist-packages/colcon_core/task/python/colcon_distutils_commands:/home/lairlab-squirtle/ros2_ws/src/shimmer3_pkg/install/shimmer3_pkg/lib/python3.12/site-packages:${PYTHONPATH} VIRTUAL_ENV_PROMPT=(venv) /usr/bin/python3 -W ignore:setup.py install is deprecated -W ignore:easy_install command is deprecated setup.py egg_info --egg-base build/shimmer3_pkg build --build-base /home/lairlab-squirtle/ros2_ws/src/shimmer3_pkg/build/shimmer3_pkg/build install --record /home/lairlab-squirtle/ros2_ws/src/shimmer3_pkg/build/shimmer3_pkg/install.log --single-version-externally-managed install_data
[0.624s] Level 1:colcon.colcon_core.environment:checking '/home/lairlab-squirtle/ros2_ws/src/shimmer3_pkg/install/shimmer3_pkg' for CMake module files
[0.624s] Level 1:colcon.colcon_core.environment:checking '/home/lairlab-squirtle/ros2_ws/src/shimmer3_pkg/install/shimmer3_pkg' for CMake config files
[0.625s] Level 1:colcon.colcon_core.environment:checking '/home/lairlab-squirtle/ros2_ws/src/shimmer3_pkg/install/shimmer3_pkg/lib'
[0.625s] Level 1:colcon.colcon_core.environment:checking '/home/lairlab-squirtle/ros2_ws/src/shimmer3_pkg/install/shimmer3_pkg/bin'
[0.625s] Level 1:colcon.colcon_core.environment:checking '/home/lairlab-squirtle/ros2_ws/src/shimmer3_pkg/install/shimmer3_pkg/lib/pkgconfig/shimmer3_pkg.pc'
[0.625s] Level 1:colcon.colcon_core.environment:checking '/home/lairlab-squirtle/ros2_ws/src/shimmer3_pkg/install/shimmer3_pkg/lib/python3.12/site-packages'
[0.625s] Level 1:colcon.colcon_core.shell:create_environment_hook('shimmer3_pkg', 'pythonpath')
[0.625s] INFO:colcon.colcon_core.shell:Creating environment hook '/home/lairlab-squirtle/ros2_ws/src/shimmer3_pkg/install/shimmer3_pkg/share/shimmer3_pkg/hook/pythonpath.ps1'
[0.625s] INFO:colcon.colcon_core.shell:Creating environment descriptor '/home/lairlab-squirtle/ros2_ws/src/shimmer3_pkg/install/shimmer3_pkg/share/shimmer3_pkg/hook/pythonpath.dsv'
[0.625s] INFO:colcon.colcon_core.shell:Creating environment hook '/home/lairlab-squirtle/ros2_ws/src/shimmer3_pkg/install/shimmer3_pkg/share/shimmer3_pkg/hook/pythonpath.sh'
[0.625s] Level 1:colcon.colcon_core.environment:checking '/home/lairlab-squirtle/ros2_ws/src/shimmer3_pkg/install/shimmer3_pkg/bin'
[0.625s] Level 1:colcon.colcon_core.environment:create_environment_scripts_only(shimmer3_pkg)
[0.626s] INFO:colcon.colcon_core.shell:Creating package script '/home/lairlab-squirtle/ros2_ws/src/shimmer3_pkg/install/shimmer3_pkg/share/shimmer3_pkg/package.ps1'
[0.626s] INFO:colcon.colcon_core.shell:Creating package descriptor '/home/lairlab-squirtle/ros2_ws/src/shimmer3_pkg/install/shimmer3_pkg/share/shimmer3_pkg/package.dsv'
[0.626s] INFO:colcon.colcon_core.shell:Creating package script '/home/lairlab-squirtle/ros2_ws/src/shimmer3_pkg/install/shimmer3_pkg/share/shimmer3_pkg/package.sh'
[0.626s] INFO:colcon.colcon_core.shell:Creating package script '/home/lairlab-squirtle/ros2_ws/src/shimmer3_pkg/install/shimmer3_pkg/share/shimmer3_pkg/package.bash'
[0.627s] INFO:colcon.colcon_core.shell:Creating package script '/home/lairlab-squirtle/ros2_ws/src/shimmer3_pkg/install/shimmer3_pkg/share/shimmer3_pkg/package.zsh'
[0.627s] Level 1:colcon.colcon_core.environment:create_file_with_runtime_dependencies(/home/lairlab-squirtle/ros2_ws/src/shimmer3_pkg/install/shimmer3_pkg/share/colcon-core/packages/shimmer3_pkg)
[0.627s] DEBUG:colcon.colcon_parallel_executor.executor.parallel:closing loop
[0.627s] DEBUG:colcon.colcon_parallel_executor.executor.parallel:loop closed
[0.627s] DEBUG:colcon.colcon_parallel_executor.executor.parallel:run_until_complete finished with '0'
[0.627s] DEBUG:colcon.colcon_core.event_reactor:joining thread
[0.630s] INFO:colcon.colcon_core.plugin_system:Skipping extension 'colcon_notification.desktop_notification.terminal_notifier': Not used on non-Darwin systems
[0.630s] INFO:colcon.colcon_core.plugin_system:Skipping extension 'colcon_notification.desktop_notification.win32': Not used on non-Windows systems
[0.630s] INFO:colcon.colcon_notification.desktop_notification:Sending desktop notification using 'notify2'
[0.637s] DEBUG:colcon.colcon_core.event_reactor:joined thread
[0.637s] INFO:colcon.colcon_core.shell:Creating prefix script '/home/lairlab-squirtle/ros2_ws/src/shimmer3_pkg/install/local_setup.ps1'
[0.638s] INFO:colcon.colcon_core.shell:Creating prefix util module '/home/lairlab-squirtle/ros2_ws/src/shimmer3_pkg/install/_local_setup_util_ps1.py'
[0.638s] INFO:colcon.colcon_core.shell:Creating prefix chain script '/home/lairlab-squirtle/ros2_ws/src/shimmer3_pkg/install/setup.ps1'
[0.638s] INFO:colcon.colcon_core.shell:Creating prefix script '/home/lairlab-squirtle/ros2_ws/src/shimmer3_pkg/install/local_setup.sh'
[0.639s] INFO:colcon.colcon_core.shell:Creating prefix util module '/home/lairlab-squirtle/ros2_ws/src/shimmer3_pkg/install/_local_setup_util_sh.py'
[0.639s] INFO:colcon.colcon_core.shell:Creating prefix chain script '/home/lairlab-squirtle/ros2_ws/src/shimmer3_pkg/install/setup.sh'
[0.639s] INFO:colcon.colcon_core.shell:Creating prefix script '/home/lairlab-squirtle/ros2_ws/src/shimmer3_pkg/install/local_setup.bash'
[0.639s] INFO:colcon.colcon_core.shell:Creating prefix chain script '/home/lairlab-squirtle/ros2_ws/src/shimmer3_pkg/install/setup.bash'
[0.640s] INFO:colcon.colcon_core.shell:Creating prefix script '/home/lairlab-squirtle/ros2_ws/src/shimmer3_pkg/install/local_setup.zsh'
[0.640s] INFO:colcon.colcon_core.shell:Creating prefix chain script '/home/lairlab-squirtle/ros2_ws/src/shimmer3_pkg/install/setup.zsh'
