running egg_info
writing ../../build/shimmer3_pkg/shimmer3_pkg.egg-info/PKG-INFO
writing dependency_links to ../../build/shimmer3_pkg/shimmer3_pkg.egg-info/dependency_links.txt
writing entry points to ../../build/shimmer3_pkg/shimmer3_pkg.egg-info/entry_points.txt
writing requirements to ../../build/shimmer3_pkg/shimmer3_pkg.egg-info/requires.txt
writing top-level names to ../../build/shimmer3_pkg/shimmer3_pkg.egg-info/top_level.txt
reading manifest file '../../build/shimmer3_pkg/shimmer3_pkg.egg-info/SOURCES.txt'
writing manifest file '../../build/shimmer3_pkg/shimmer3_pkg.egg-info/SOURCES.txt'
running build
running build_py
running install
running install_lib
running install_data
copying launch/shimmer3.launch.py -> /home/lairlab/shimmer3/install/share/shimmer3_pkg
running install_egg_info
removing '/home/lairlab/shimmer3/install/lib/python3.12/site-packages/shimmer3_pkg-0.0.1-py3.12.egg-info' (and everything under it)
Copying ../../build/shimmer3_pkg/shimmer3_pkg.egg-info to /home/lairlab/shimmer3/install/lib/python3.12/site-packages/shimmer3_pkg-0.0.1-py3.12.egg-info
running install_scripts
Installing bpm_detector_node script to /home/lairlab/shimmer3/install/lib/shimmer3_pkg
Installing csv_writer script to /home/lairlab/shimmer3/install/lib/shimmer3_pkg
Installing data_processing script to /home/lairlab/shimmer3/install/lib/shimmer3_pkg
Installing matplotter_node script to /home/lairlab/shimmer3/install/lib/shimmer3_pkg
Installing shimmer3_node script to /home/lairlab/shimmer3/install/lib/shimmer3_pkg
writing list of installed files to '/home/lairlab/shimmer3/build/shimmer3_pkg/install.log'
