[0.380s] Invoking command in '/home/lairlab/shimmer3/src/shimmer3_pkg': DEBUGINFOD_URLS=https://debuginfod.ubuntu.com PYTHONPATH=/home/lairlab/shimmer3/build/shimmer3_pkg/prefix_override:/usr/lib/python3/dist-packages/colcon_core/task/python/colcon_distutils_commands:/home/lairlab/shimmer3/install/lib/python3.12/site-packages:${PYTHONPATH} /usr/bin/python3 -W ignore:setup.py install is deprecated -W ignore:easy_install command is deprecated setup.py egg_info --egg-base ../../build/shimmer3_pkg build --build-base /home/lairlab/shimmer3/build/shimmer3_pkg/build install --record /home/lairlab/shimmer3/build/shimmer3_pkg/install.log --single-version-externally-managed install_data
[0.506s] running egg_info
[0.515s] writing ../../build/shimmer3_pkg/shimmer3_pkg.egg-info/PKG-INFO
[0.515s] writing dependency_links to ../../build/shimmer3_pkg/shimmer3_pkg.egg-info/dependency_links.txt
[0.515s] writing entry points to ../../build/shimmer3_pkg/shimmer3_pkg.egg-info/entry_points.txt
[0.515s] writing requirements to ../../build/shimmer3_pkg/shimmer3_pkg.egg-info/requires.txt
[0.515s] writing top-level names to ../../build/shimmer3_pkg/shimmer3_pkg.egg-info/top_level.txt
[0.532s] reading manifest file '../../build/shimmer3_pkg/shimmer3_pkg.egg-info/SOURCES.txt'
[0.533s] writing manifest file '../../build/shimmer3_pkg/shimmer3_pkg.egg-info/SOURCES.txt'
[0.533s] running build
[0.533s] running build_py
[0.533s] running install
[0.536s] running install_lib
[0.545s] running install_data
[0.545s] copying launch/shimmer3.launch.py -> /home/lairlab/shimmer3/install/share/shimmer3_pkg
[0.545s] running install_egg_info
[0.554s] removing '/home/lairlab/shimmer3/install/lib/python3.12/site-packages/shimmer3_pkg-0.0.1-py3.12.egg-info' (and everything under it)
[0.554s] Copying ../../build/shimmer3_pkg/shimmer3_pkg.egg-info to /home/lairlab/shimmer3/install/lib/python3.12/site-packages/shimmer3_pkg-0.0.1-py3.12.egg-info
[0.554s] running install_scripts
[0.612s] Installing bpm_detector_node script to /home/lairlab/shimmer3/install/lib/shimmer3_pkg
[0.612s] Installing csv_writer script to /home/lairlab/shimmer3/install/lib/shimmer3_pkg
[0.612s] Installing data_processing script to /home/lairlab/shimmer3/install/lib/shimmer3_pkg
[0.612s] Installing matplotter_node script to /home/lairlab/shimmer3/install/lib/shimmer3_pkg
[0.612s] Installing shimmer3_node script to /home/lairlab/shimmer3/install/lib/shimmer3_pkg
[0.612s] writing list of installed files to '/home/lairlab/shimmer3/build/shimmer3_pkg/install.log'
[0.624s] Invoked command in '/home/lairlab/shimmer3/src/shimmer3_pkg' returned '0': DEBUGINFOD_URLS=https://debuginfod.ubuntu.com PYTHONPATH=/home/lairlab/shimmer3/build/shimmer3_pkg/prefix_override:/usr/lib/python3/dist-packages/colcon_core/task/python/colcon_distutils_commands:/home/lairlab/shimmer3/install/lib/python3.12/site-packages:${PYTHONPATH} /usr/bin/python3 -W ignore:setup.py install is deprecated -W ignore:easy_install command is deprecated setup.py egg_info --egg-base ../../build/shimmer3_pkg build --build-base /home/lairlab/shimmer3/build/shimmer3_pkg/build install --record /home/lairlab/shimmer3/build/shimmer3_pkg/install.log --single-version-externally-managed install_data
